2013-12-01 01:25:54 Error: Fatal Error (4): syntax error, unexpected '}' in [/Applications/MAMP/htdocs/AHC_groups/app/Config/database.php, line 141]
2013-12-01 01:25:54 Error: [FatalErrorException] syntax error, unexpected '}'
Request URL: /AHC_groups/
Stack Trace:
#0 /Applications/MAMP/htdocs/AHC_groups/lib/Cake/Error/ErrorHandler.php(203): ErrorHandler::handleFatalError(4, 'syntax error, u...', '/Applications/M...', 141)
#1 [internal function]: ErrorHandler::handleError(4, 'syntax error, u...', '/Applications/M...', 141, Array)
#2 /Applications/MAMP/htdocs/AHC_groups/lib/Cake/Core/App.php(929): call_user_func('ErrorHandler::h...', 4, 'syntax error, u...', '/Applications/M...', 141, Array)
#3 /Applications/MAMP/htdocs/AHC_groups/lib/Cake/Core/App.php(902): App::_checkFatalError()
#4 [internal function]: App::shutdown()
#5 {main}
2013-12-01 02:08:19 Error: Fatal Error (4): syntax error, unexpected ')', expecting function (T_FUNCTION) in [/Applications/MAMP/htdocs/AHC_groups/app/Config/database.php, line 161]
2013-12-01 02:08:19 Error: [FatalErrorException] syntax error, unexpected ')', expecting function (T_FUNCTION)
Request URL: /AHC_groups/
Stack Trace:
#0 /Applications/MAMP/htdocs/AHC_groups/lib/Cake/Error/ErrorHandler.php(203): ErrorHandler::handleFatalError(4, 'syntax error, u...', '/Applications/M...', 161)
#1 [internal function]: ErrorHandler::handleError(4, 'syntax error, u...', '/Applications/M...', 161, Array)
#2 /Applications/MAMP/htdocs/AHC_groups/lib/Cake/Core/App.php(929): call_user_func('ErrorHandler::h...', 4, 'syntax error, u...', '/Applications/M...', 161, Array)
#3 /Applications/MAMP/htdocs/AHC_groups/lib/Cake/Core/App.php(902): App::_checkFatalError()
#4 [internal function]: App::shutdown()
#5 {main}
2013-12-01 02:08:31 Error: Fatal Error (4): syntax error, unexpected ')', expecting function (T_FUNCTION) in [/Applications/MAMP/htdocs/AHC_groups/app/Config/database.php, line 161]
2013-12-01 02:08:31 Error: [FatalErrorException] syntax error, unexpected ')', expecting function (T_FUNCTION)
Request URL: /AHC_groups/
Stack Trace:
#0 /Applications/MAMP/htdocs/AHC_groups/lib/Cake/Error/ErrorHandler.php(203): ErrorHandler::handleFatalError(4, 'syntax error, u...', '/Applications/M...', 161)
#1 [internal function]: ErrorHandler::handleError(4, 'syntax error, u...', '/Applications/M...', 161, Array)
#2 /Applications/MAMP/htdocs/AHC_groups/lib/Cake/Core/App.php(929): call_user_func('ErrorHandler::h...', 4, 'syntax error, u...', '/Applications/M...', 161, Array)
#3 /Applications/MAMP/htdocs/AHC_groups/lib/Cake/Core/App.php(902): App::_checkFatalError()
#4 [internal function]: App::shutdown()
#5 {main}
2013-12-01 02:08:32 Error: Fatal Error (4): syntax error, unexpected ')', expecting function (T_FUNCTION) in [/Applications/MAMP/htdocs/AHC_groups/app/Config/database.php, line 161]
2013-12-01 02:08:32 Error: [FatalErrorException] syntax error, unexpected ')', expecting function (T_FUNCTION)
Request URL: /AHC_groups/
Stack Trace:
#0 /Applications/MAMP/htdocs/AHC_groups/lib/Cake/Error/ErrorHandler.php(203): ErrorHandler::handleFatalError(4, 'syntax error, u...', '/Applications/M...', 161)
#1 [internal function]: ErrorHandler::handleError(4, 'syntax error, u...', '/Applications/M...', 161, Array)
#2 /Applications/MAMP/htdocs/AHC_groups/lib/Cake/Core/App.php(929): call_user_func('ErrorHandler::h...', 4, 'syntax error, u...', '/Applications/M...', 161, Array)
#3 /Applications/MAMP/htdocs/AHC_groups/lib/Cake/Core/App.php(902): App::_checkFatalError()
#4 [internal function]: App::shutdown()
#5 {main}
2013-12-01 02:08:43 Error: Fatal Error (4): syntax error, unexpected ')', expecting function (T_FUNCTION) in [/Applications/MAMP/htdocs/AHC_groups/app/Config/database.php, line 161]
2013-12-01 02:08:43 Error: [FatalErrorException] syntax error, unexpected ')', expecting function (T_FUNCTION)
Request URL: /AHC_groups/
Stack Trace:
#0 /Applications/MAMP/htdocs/AHC_groups/lib/Cake/Error/ErrorHandler.php(203): ErrorHandler::handleFatalError(4, 'syntax error, u...', '/Applications/M...', 161)
#1 [internal function]: ErrorHandler::handleError(4, 'syntax error, u...', '/Applications/M...', 161, Array)
#2 /Applications/MAMP/htdocs/AHC_groups/lib/Cake/Core/App.php(929): call_user_func('ErrorHandler::h...', 4, 'syntax error, u...', '/Applications/M...', 161, Array)
#3 /Applications/MAMP/htdocs/AHC_groups/lib/Cake/Core/App.php(902): App::_checkFatalError()
#4 [internal function]: App::shutdown()
#5 {main}
2013-12-01 02:56:29 Error: [PDOException] SQLSTATE[23000]: Integrity constraint violation: 1062 Duplicate entry '0' for key 'PRIMARY'
Request URL: /AHC_groups/Students/add
Stack Trace:
#0 /Applications/MAMP/htdocs/AHC_groups/lib/Cake/Model/Datasource/DboSource.php(458): PDOStatement->execute(Array)
#1 /Applications/MAMP/htdocs/AHC_groups/lib/Cake/Model/Datasource/DboSource.php(424): DboSource->_execute('INSERT INTO `ah...', Array)
#2 /Applications/MAMP/htdocs/AHC_groups/lib/Cake/Model/Datasource/DboSource.php(1003): DboSource->execute('INSERT INTO `ah...')
#3 /Applications/MAMP/htdocs/AHC_groups/lib/Cake/Model/Model.php(1830): DboSource->create(Object(Student), Array, Array)
#4 /Applications/MAMP/htdocs/AHC_groups/app/Controller/StudentsController.php(51): Model->save(Array)
#5 [internal function]: StudentsController->add()
#6 /Applications/MAMP/htdocs/AHC_groups/lib/Cake/Controller/Controller.php(490): ReflectionMethod->invokeArgs(Object(StudentsController), Array)
#7 /Applications/MAMP/htdocs/AHC_groups/lib/Cake/Routing/Dispatcher.php(185): Controller->invokeAction(Object(CakeRequest))
#8 /Applications/MAMP/htdocs/AHC_groups/lib/Cake/Routing/Dispatcher.php(160): Dispatcher->_invoke(Object(StudentsController), Object(CakeRequest), Object(CakeResponse))
#9 /Applications/MAMP/htdocs/AHC_groups/app/webroot/index.php(108): Dispatcher->dispatch(Object(CakeRequest), Object(CakeResponse))
#10 {main}
2013-12-01 02:56:51 Error: [PDOException] SQLSTATE[23000]: Integrity constraint violation: 1062 Duplicate entry '0' for key 'PRIMARY'
Request URL: /AHC_groups/Students/add
Stack Trace:
#0 /Applications/MAMP/htdocs/AHC_groups/lib/Cake/Model/Datasource/DboSource.php(458): PDOStatement->execute(Array)
#1 /Applications/MAMP/htdocs/AHC_groups/lib/Cake/Model/Datasource/DboSource.php(424): DboSource->_execute('INSERT INTO `ah...', Array)
#2 /Applications/MAMP/htdocs/AHC_groups/lib/Cake/Model/Datasource/DboSource.php(1003): DboSource->execute('INSERT INTO `ah...')
#3 /Applications/MAMP/htdocs/AHC_groups/lib/Cake/Model/Model.php(1830): DboSource->create(Object(Student), Array, Array)
#4 /Applications/MAMP/htdocs/AHC_groups/app/Controller/StudentsController.php(51): Model->save(Array)
#5 [internal function]: StudentsController->add()
#6 /Applications/MAMP/htdocs/AHC_groups/lib/Cake/Controller/Controller.php(490): ReflectionMethod->invokeArgs(Object(StudentsController), Array)
#7 /Applications/MAMP/htdocs/AHC_groups/lib/Cake/Routing/Dispatcher.php(185): Controller->invokeAction(Object(CakeRequest))
#8 /Applications/MAMP/htdocs/AHC_groups/lib/Cake/Routing/Dispatcher.php(160): Dispatcher->_invoke(Object(StudentsController), Object(CakeRequest), Object(CakeResponse))
#9 /Applications/MAMP/htdocs/AHC_groups/app/webroot/index.php(108): Dispatcher->dispatch(Object(CakeRequest), Object(CakeResponse))
#10 {main}
